<?xml version="1.0" encoding="UTF-8"?>
<!-- Generated by org.testng.reporters.JUnitReportReporter -->
<testsuite skipped="0" hostname="Amruths-MacBook-Air.local" name="com.testsuiteexecutor.Assignment2Test" tests="1" failures="0" timestamp="2019-10-24T17:41:50 IST" time="46.934" errors="0">
  <testcase name="assignment2TestCase" time="46.934" classname="com.testsuiteexecutor.Assignment2Test"/>
</testsuite> <!-- com.testsuiteexecutor.Assignment2Test -->
