<?xml version="1.0" encoding="UTF-8"?>
<!-- Generated by org.testng.reporters.JUnitReportReporter -->
<testsuite skipped="0" hostname="Amruths-Air-e3fa" name="com.testsuiteexecutor.Assignment1Test" tests="1" failures="0" timestamp="2019-10-25T05:41:49 IST" time="42.125" errors="0">
  <testcase name="assignment1TestCase" time="42.125" classname="com.testsuiteexecutor.Assignment1Test"/>
</testsuite> <!-- com.testsuiteexecutor.Assignment1Test -->
