<?xml version="1.0" encoding="UTF-8"?>
<!-- Generated by org.testng.reporters.JUnitReportReporter -->
<testsuite skipped="0" hostname="Amruths-Air-e3fa" name="com.testsuiteexecutor.Assignment2Test" tests="1" failures="0" timestamp="2019-10-25T05:41:49 IST" time="49.267" errors="0">
  <testcase name="assignment2TestCase" time="49.267" classname="com.testsuiteexecutor.Assignment2Test"/>
</testsuite> <!-- com.testsuiteexecutor.Assignment2Test -->
